<?xml version="1.0" encoding="UTF-8"?>
<testng-results ignored="0" total="7" passed="7" failed="0" skipped="0">
  <reporter-output>
  </reporter-output>
  <suite started-at="2025-03-18T12:33:36 IST" name="Default suite" finished-at="2025-03-18T12:36:45 IST" duration-ms="189363">
    <groups>
      <group name="cucumber">
        <method signature="AbstractTestNGCucumberTests.runScenario(io.cucumber.testng.PickleWrapper,io.cucumber.testng.FeatureWrapper)[pri:0, instance:com.ecom.Runner.TestRunner@7e6f74c]" name="runScenario" class="io.cucumber.testng.AbstractTestNGCucumberTests"/>
      </group> <!-- cucumber -->
    </groups>
    <test started-at="2025-03-18T12:33:36 IST" name="Default test" finished-at="2025-03-18T12:36:45 IST" duration-ms="189363">
      <class name="com.ecom.Runner.TestRunner">
        <test-method is-config="true" signature="setUpClass(org.testng.ITestContext)[pri:0, instance:com.ecom.Runner.TestRunner@7e6f74c]" started-at="2025-03-18T12:33:36 IST" name="setUpClass" finished-at="2025-03-18T12:33:36 IST" duration-ms="711" status="PASS">
          <params>
            <param index="0">
              <value>
                <![CDATA[org.testng.TestRunner@20b829d5]]>
              </value>
            </param>
          </params>
          <reporter-output>
          </reporter-output>
        </test-method> <!-- setUpClass -->
        <test-method signature="runScenario(io.cucumber.testng.PickleWrapper,io.cucumber.testng.FeatureWrapper)[pri:0, instance:com.ecom.Runner.TestRunner@7e6f74c]" started-at="2025-03-18T12:33:36 IST" name="runScenario" description="Runs Cucumber Scenarios" data-provider="scenarios" finished-at="2025-03-18T12:34:08 IST" duration-ms="31172" status="PASS">
          <params>
            <param index="0">
              <value>
                <![CDATA["Successful user registration with valid details from Excel"]]>
              </value>
            </param>
            <param index="1">
              <value>
                <![CDATA["User Registration"]]>
              </value>
            </param>
          </params>
          <reporter-output>
          </reporter-output>
        </test-method> <!-- runScenario -->
        <test-method signature="runScenario(io.cucumber.testng.PickleWrapper,io.cucumber.testng.FeatureWrapper)[pri:0, instance:com.ecom.Runner.TestRunner@7e6f74c]" started-at="2025-03-18T12:34:08 IST" name="runScenario" description="Runs Cucumber Scenarios" data-provider="scenarios" finished-at="2025-03-18T12:34:29 IST" duration-ms="21926" status="PASS">
          <params>
            <param index="0">
              <value>
                <![CDATA["Submit Contact Form with Valid Details"]]>
              </value>
            </param>
            <param index="1">
              <value>
                <![CDATA["Contact Us Form"]]>
              </value>
            </param>
          </params>
          <reporter-output>
          </reporter-output>
        </test-method> <!-- runScenario -->
        <test-method signature="runScenario(io.cucumber.testng.PickleWrapper,io.cucumber.testng.FeatureWrapper)[pri:0, instance:com.ecom.Runner.TestRunner@7e6f74c]" started-at="2025-03-18T12:34:29 IST" name="runScenario" description="Runs Cucumber Scenarios" data-provider="scenarios" finished-at="2025-03-18T12:34:44 IST" duration-ms="14302" status="PASS">
          <params>
            <param index="0">
              <value>
                <![CDATA["Submit Contact Form with Missing Fields"]]>
              </value>
            </param>
            <param index="1">
              <value>
                <![CDATA["Contact Us Form"]]>
              </value>
            </param>
          </params>
          <reporter-output>
          </reporter-output>
        </test-method> <!-- runScenario -->
        <test-method signature="runScenario(io.cucumber.testng.PickleWrapper,io.cucumber.testng.FeatureWrapper)[pri:0, instance:com.ecom.Runner.TestRunner@7e6f74c]" started-at="2025-03-18T12:34:44 IST" name="runScenario" description="Runs Cucumber Scenarios" data-provider="scenarios" finished-at="2025-03-18T12:35:25 IST" duration-ms="40778" status="PASS">
          <params>
            <param index="0">
              <value>
                <![CDATA["add to cart and checkout"]]>
              </value>
            </param>
            <param index="1">
              <value>
                <![CDATA["Product Search and Cart Functionality"]]>
              </value>
            </param>
          </params>
          <reporter-output>
          </reporter-output>
        </test-method> <!-- runScenario -->
        <test-method signature="runScenario(io.cucumber.testng.PickleWrapper,io.cucumber.testng.FeatureWrapper)[pri:0, instance:com.ecom.Runner.TestRunner@7e6f74c]" started-at="2025-03-18T12:35:25 IST" name="runScenario" description="Runs Cucumber Scenarios" data-provider="scenarios" finished-at="2025-03-18T12:35:53 IST" duration-ms="28737" status="PASS">
          <params>
            <param index="0">
              <value>
                <![CDATA["remove product from cart"]]>
              </value>
            </param>
            <param index="1">
              <value>
                <![CDATA["Product Search and Cart Functionality"]]>
              </value>
            </param>
          </params>
          <reporter-output>
          </reporter-output>
        </test-method> <!-- runScenario -->
        <test-method signature="runScenario(io.cucumber.testng.PickleWrapper,io.cucumber.testng.FeatureWrapper)[pri:0, instance:com.ecom.Runner.TestRunner@7e6f74c]" started-at="2025-03-18T12:35:53 IST" name="runScenario" description="Runs Cucumber Scenarios" data-provider="scenarios" finished-at="2025-03-18T12:36:19 IST" duration-ms="25507" status="PASS">
          <params>
            <param index="0">
              <value>
                <![CDATA["Login with valid credentials"]]>
              </value>
            </param>
            <param index="1">
              <value>
                <![CDATA["User Login"]]>
              </value>
            </param>
          </params>
          <reporter-output>
          </reporter-output>
        </test-method> <!-- runScenario -->
        <test-method signature="runScenario(io.cucumber.testng.PickleWrapper,io.cucumber.testng.FeatureWrapper)[pri:0, instance:com.ecom.Runner.TestRunner@7e6f74c]" started-at="2025-03-18T12:36:19 IST" name="runScenario" description="Runs Cucumber Scenarios" data-provider="scenarios" finished-at="2025-03-18T12:36:45 IST" duration-ms="25796" status="PASS">
          <params>
            <param index="0">
              <value>
                <![CDATA["Login with invalid credentials"]]>
              </value>
            </param>
            <param index="1">
              <value>
                <![CDATA["User Login"]]>
              </value>
            </param>
          </params>
          <reporter-output>
          </reporter-output>
        </test-method> <!-- runScenario -->
        <test-method is-config="true" signature="tearDownClass()[pri:0, instance:com.ecom.Runner.TestRunner@7e6f74c]" started-at="2025-03-18T12:36:45 IST" name="tearDownClass" finished-at="2025-03-18T12:36:45 IST" duration-ms="236" status="PASS">
          <reporter-output>
          </reporter-output>
        </test-method> <!-- tearDownClass -->
      </class> <!-- com.ecom.Runner.TestRunner -->
    </test> <!-- Default test -->
  </suite> <!-- Default suite -->
</testng-results>
