<?xml version="1.0" encoding="UTF-8"?>
<testng-results ignored="0" total="3" passed="3" failed="0" skipped="0">
  <reporter-output>
  </reporter-output>
  <suite started-at="2025-03-18T23:15:08 IST" name="Default suite" finished-at="2025-03-18T23:18:16 IST" duration-ms="188383">
    <groups>
      <group name="cucumber">
        <method signature="AbstractTestNGCucumberTests.runScenario(io.cucumber.testng.PickleWrapper,io.cucumber.testng.FeatureWrapper)[pri:0, instance:com.ecom.Runner.TestRunner@7e6f74c]" name="runScenario" class="io.cucumber.testng.AbstractTestNGCucumberTests"/>
      </group> <!-- cucumber -->
    </groups>
    <test started-at="2025-03-18T23:15:08 IST" name="Default test" finished-at="2025-03-18T23:18:16 IST" duration-ms="188383">
      <class name="com.ecom.Runner.TestRunner">
        <test-method is-config="true" signature="setUpClass(org.testng.ITestContext)[pri:0, instance:com.ecom.Runner.TestRunner@7e6f74c]" started-at="2025-03-18T23:15:08 IST" name="setUpClass" finished-at="2025-03-18T23:15:09 IST" duration-ms="850" status="PASS">
          <params>
            <param index="0">
              <value>
                <![CDATA[org.testng.TestRunner@56da7487]]>
              </value>
            </param>
          </params>
          <reporter-output>
          </reporter-output>
        </test-method> <!-- setUpClass -->
        <test-method signature="runScenario(io.cucumber.testng.PickleWrapper,io.cucumber.testng.FeatureWrapper)[pri:0, instance:com.ecom.Runner.TestRunner@7e6f74c]" started-at="2025-03-18T23:15:09 IST" name="runScenario" description="Runs Cucumber Scenarios" data-provider="scenarios" finished-at="2025-03-18T23:15:29 IST" duration-ms="20102" status="PASS">
          <params>
            <param index="0">
              <value>
                <![CDATA["Subscribe with Valid Email"]]>
              </value>
            </param>
            <param index="1">
              <value>
                <![CDATA["Subscription Functionality"]]>
              </value>
            </param>
          </params>
          <reporter-output>
          </reporter-output>
        </test-method> <!-- runScenario -->
        <test-method signature="runScenario(io.cucumber.testng.PickleWrapper,io.cucumber.testng.FeatureWrapper)[pri:0, instance:com.ecom.Runner.TestRunner@7e6f74c]" started-at="2025-03-18T23:15:29 IST" name="runScenario" description="Runs Cucumber Scenarios" data-provider="scenarios" finished-at="2025-03-18T23:16:18 IST" duration-ms="49350" status="PASS">
          <params>
            <param index="0">
              <value>
                <![CDATA["Subscribe with Missing '@' Symbol"]]>
              </value>
            </param>
            <param index="1">
              <value>
                <![CDATA["Subscription Functionality"]]>
              </value>
            </param>
          </params>
          <reporter-output>
          </reporter-output>
        </test-method> <!-- runScenario -->
        <test-method signature="runScenario(io.cucumber.testng.PickleWrapper,io.cucumber.testng.FeatureWrapper)[pri:0, instance:com.ecom.Runner.TestRunner@7e6f74c]" started-at="2025-03-18T23:16:18 IST" name="runScenario" description="Runs Cucumber Scenarios" data-provider="scenarios" finished-at="2025-03-18T23:18:16 IST" duration-ms="117906" status="PASS">
          <params>
            <param index="0">
              <value>
                <![CDATA["Subscribe with Missing Domain"]]>
              </value>
            </param>
            <param index="1">
              <value>
                <![CDATA["Subscription Functionality"]]>
              </value>
            </param>
          </params>
          <reporter-output>
          </reporter-output>
        </test-method> <!-- runScenario -->
        <test-method is-config="true" signature="tearDownClass()[pri:0, instance:com.ecom.Runner.TestRunner@7e6f74c]" started-at="2025-03-18T23:18:16 IST" name="tearDownClass" finished-at="2025-03-18T23:18:16 IST" duration-ms="118" status="PASS">
          <reporter-output>
          </reporter-output>
        </test-method> <!-- tearDownClass -->
      </class> <!-- com.ecom.Runner.TestRunner -->
    </test> <!-- Default test -->
  </suite> <!-- Default suite -->
</testng-results>
